DEB [20220523-07:42:00.462] thr=1   paramiko.transport: starting thread (client mode): 0x643aeb0
DEB [20220523-07:42:00.462] thr=1   paramiko.transport: Local version/idstring: SSH-2.0-paramiko_2.10.4
DEB [20220523-07:42:00.493] thr=1   paramiko.transport: Remote version/idstring: SSH-2.0-ROSSSH
INF [20220523-07:42:00.493] thr=1   paramiko.transport: Connected (version 2.0, client ROSSSH)
DEB [20220523-07:42:00.495] thr=1   paramiko.transport: === Key exchange possibilities ===
DEB [20220523-07:42:00.495] thr=1   paramiko.transport: kex algos: diffie-hellman-group-exchange-sha256
DEB [20220523-07:42:00.495] thr=1   paramiko.transport: server key: ssh-rsa, rsa-sha2-256
DEB [20220523-07:42:00.495] thr=1   paramiko.transport: client encrypt: aes256-ctr, aes192-ctr
DEB [20220523-07:42:00.495] thr=1   paramiko.transport: server encrypt: aes256-ctr, aes192-ctr
DEB [20220523-07:42:00.495] thr=1   paramiko.transport: client mac: hmac-sha2-256, hmac-sha1
DEB [20220523-07:42:00.495] thr=1   paramiko.transport: server mac: hmac-sha2-256, hmac-sha1
DEB [20220523-07:42:00.495] thr=1   paramiko.transport: client compress: none
DEB [20220523-07:42:00.495] thr=1   paramiko.transport: server compress: none
DEB [20220523-07:42:00.495] thr=1   paramiko.transport: client lang: <none>
DEB [20220523-07:42:00.495] thr=1   paramiko.transport: server lang: <none>
DEB [20220523-07:42:00.495] thr=1   paramiko.transport: kex follows: False
DEB [20220523-07:42:00.495] thr=1   paramiko.transport: === Key exchange agreements ===
DEB [20220523-07:42:00.495] thr=1   paramiko.transport: Kex: diffie-hellman-group-exchange-sha256
DEB [20220523-07:42:00.495] thr=1   paramiko.transport: HostKey: rsa-sha2-256
DEB [20220523-07:42:00.495] thr=1   paramiko.transport: Cipher: aes192-ctr
DEB [20220523-07:42:00.495] thr=1   paramiko.transport: MAC: hmac-sha2-256
DEB [20220523-07:42:00.495] thr=1   paramiko.transport: Compression: none
DEB [20220523-07:42:00.495] thr=1   paramiko.transport: === End of kex handshake ===
DEB [20220523-07:42:00.497] thr=1   paramiko.transport: Got server p (2048 bits)
DEB [20220523-07:42:02.288] thr=1   paramiko.transport: kex engine KexGexSHA256 specified hash_algo <built-in function openssl_sha256>
DEB [20220523-07:42:02.288] thr=1   paramiko.transport: Switch to new keys ...
DEB [20220523-07:42:02.289] thr=2   paramiko.transport: Adding ssh-rsa host key for 192.168.88.1: b'37e60b0668473205aa35604a9cc5fc5c'
DEB [20220523-07:42:02.289] thr=2   paramiko.transport: Trying SSH key b'a4b38243179bf679fca0083b31f266e3'
DEB [20220523-07:42:02.293] thr=1   paramiko.transport: userauth is OK
DEB [20220523-07:42:02.293] thr=1   paramiko.transport: Finalizing pubkey algorithm for key of type 'ssh-rsa'
DEB [20220523-07:42:02.293] thr=1   paramiko.transport: Our pubkey algorithm list: ['ssh-rsa']
DEB [20220523-07:42:02.293] thr=1   paramiko.transport: Server did not send a server-sig-algs list; defaulting to our first preferred algo ('ssh-rsa')
DEB [20220523-07:42:02.293] thr=1   paramiko.transport: NOTE: you may use the 'disabled_algorithms' SSHClient/Transport init kwarg to disable that or other algorithms if your server does not support them!
INF [20220523-07:42:02.326] thr=1   paramiko.transport: Authentication (publickey) successful!
DEB [20220523-07:42:02.326] thr=2   paramiko.transport: [chan 0] Max packet in: 32768 bytes
DEB [20220523-07:42:02.328] thr=1   paramiko.transport: [chan 0] Max packet out: 262144 bytes
DEB [20220523-07:42:02.328] thr=1   paramiko.transport: Secsh channel 0 opened.
DEB [20220523-07:42:02.329] thr=1   paramiko.transport: [chan 0] Sesch channel 0 request ok
INF [20220523-07:42:02.330] thr=2   paramiko.transport.sftp: [chan 0] Opened sftp connection (server version 3)
DEB [20220523-07:42:02.330] thr=2   paramiko.transport.sftp: [chan 0] open(b'/192.168.88.1.pub', 'wb')
DEB [20220523-07:42:02.331] thr=2   paramiko.transport.sftp: [chan 0] open(b'/192.168.88.1.pub', 'wb') -> 68616e646c655f31000000000000000000000000
DEB [20220523-07:42:02.331] thr=2   paramiko.transport.sftp: [chan 0] close(68616e646c655f31000000000000000000000000)
DEB [20220523-07:42:02.334] thr=2   paramiko.transport.sftp: [chan 0] stat(b'/192.168.88.1.pub')
INF [20220523-07:42:02.335] thr=2   paramiko.transport.sftp: [chan 0] sftp session closed.
DEB [20220523-07:42:02.335] thr=2   paramiko.transport: [chan 0] EOF sent (0)
DEB [20220523-07:42:02.380] thr=3   paramiko.transport: starting thread (client mode): 0x64ca970
DEB [20220523-07:42:02.380] thr=3   paramiko.transport: Local version/idstring: SSH-2.0-paramiko_2.10.4
DEB [20220523-07:42:02.382] thr=3   paramiko.transport: Remote version/idstring: SSH-2.0-ROSSSH
INF [20220523-07:42:02.382] thr=3   paramiko.transport: Connected (version 2.0, client ROSSSH)
DEB [20220523-07:42:02.384] thr=3   paramiko.transport: === Key exchange possibilities ===
DEB [20220523-07:42:02.384] thr=3   paramiko.transport: kex algos: diffie-hellman-group-exchange-sha256
DEB [20220523-07:42:02.384] thr=3   paramiko.transport: server key: ssh-rsa, rsa-sha2-256
DEB [20220523-07:42:02.384] thr=3   paramiko.transport: client encrypt: aes256-ctr, aes192-ctr
DEB [20220523-07:42:02.385] thr=3   paramiko.transport: server encrypt: aes256-ctr, aes192-ctr
DEB [20220523-07:42:02.385] thr=3   paramiko.transport: client mac: hmac-sha2-256, hmac-sha1
DEB [20220523-07:42:02.385] thr=3   paramiko.transport: server mac: hmac-sha2-256, hmac-sha1
DEB [20220523-07:42:02.385] thr=3   paramiko.transport: client compress: none
DEB [20220523-07:42:02.385] thr=3   paramiko.transport: server compress: none
DEB [20220523-07:42:02.385] thr=3   paramiko.transport: client lang: <none>
DEB [20220523-07:42:02.385] thr=3   paramiko.transport: server lang: <none>
DEB [20220523-07:42:02.385] thr=3   paramiko.transport: kex follows: False
DEB [20220523-07:42:02.385] thr=3   paramiko.transport: === Key exchange agreements ===
DEB [20220523-07:42:02.385] thr=3   paramiko.transport: Kex: diffie-hellman-group-exchange-sha256
DEB [20220523-07:42:02.385] thr=3   paramiko.transport: HostKey: rsa-sha2-256
DEB [20220523-07:42:02.385] thr=3   paramiko.transport: Cipher: aes192-ctr
DEB [20220523-07:42:02.385] thr=3   paramiko.transport: MAC: hmac-sha2-256
DEB [20220523-07:42:02.385] thr=3   paramiko.transport: Compression: none
DEB [20220523-07:42:02.385] thr=3   paramiko.transport: === End of kex handshake ===
DEB [20220523-07:42:02.387] thr=3   paramiko.transport: Got server p (2048 bits)
DEB [20220523-07:42:02.436] thr=1   paramiko.transport: EOF in transport thread
DEB [20220523-07:42:04.291] thr=3   paramiko.transport: kex engine KexGexSHA256 specified hash_algo <built-in function openssl_sha256>
DEB [20220523-07:42:04.291] thr=3   paramiko.transport: Switch to new keys ...
DEB [20220523-07:42:04.291] thr=2   paramiko.transport: Adding ssh-rsa host key for 192.168.88.1: b'37e60b0668473205aa35604a9cc5fc5c'
DEB [20220523-07:42:04.292] thr=2   paramiko.transport: Trying SSH key b'a4b38243179bf679fca0083b31f266e3'
DEB [20220523-07:42:04.298] thr=3   paramiko.transport: userauth is OK
DEB [20220523-07:42:04.299] thr=3   paramiko.transport: Finalizing pubkey algorithm for key of type 'ssh-rsa'
DEB [20220523-07:42:04.299] thr=3   paramiko.transport: Our pubkey algorithm list: ['ssh-rsa']
DEB [20220523-07:42:04.299] thr=3   paramiko.transport: Server did not send a server-sig-algs list; defaulting to our first preferred algo ('ssh-rsa')
DEB [20220523-07:42:04.299] thr=3   paramiko.transport: NOTE: you may use the 'disabled_algorithms' SSHClient/Transport init kwarg to disable that or other algorithms if your server does not support them!
INF [20220523-07:42:04.338] thr=3   paramiko.transport: Authentication (publickey) successful!
DEB [20220523-07:42:04.338] thr=2   paramiko.transport: [chan 0] Max packet in: 32768 bytes
DEB [20220523-07:42:04.340] thr=3   paramiko.transport: [chan 0] Max packet out: 262144 bytes
DEB [20220523-07:42:04.340] thr=3   paramiko.transport: Secsh channel 0 opened.
DEB [20220523-07:42:04.341] thr=3   paramiko.transport: [chan 0] Sesch channel 0 request ok
DEB [20220523-07:42:04.599] thr=3   paramiko.transport: [chan 0] EOF sent (0)
DEB [20220523-07:42:04.673] thr=4   paramiko.transport: starting thread (client mode): 0x64dfe80
DEB [20220523-07:42:04.673] thr=4   paramiko.transport: Local version/idstring: SSH-2.0-paramiko_2.10.4
DEB [20220523-07:42:04.675] thr=4   paramiko.transport: Remote version/idstring: SSH-2.0-ROSSSH
INF [20220523-07:42:04.675] thr=4   paramiko.transport: Connected (version 2.0, client ROSSSH)
DEB [20220523-07:42:04.677] thr=4   paramiko.transport: === Key exchange possibilities ===
DEB [20220523-07:42:04.677] thr=4   paramiko.transport: kex algos: diffie-hellman-group-exchange-sha256
DEB [20220523-07:42:04.677] thr=4   paramiko.transport: server key: ssh-rsa, rsa-sha2-256
DEB [20220523-07:42:04.677] thr=4   paramiko.transport: client encrypt: aes256-ctr, aes192-ctr
DEB [20220523-07:42:04.677] thr=4   paramiko.transport: server encrypt: aes256-ctr, aes192-ctr
DEB [20220523-07:42:04.677] thr=4   paramiko.transport: client mac: hmac-sha2-256, hmac-sha1
DEB [20220523-07:42:04.677] thr=4   paramiko.transport: server mac: hmac-sha2-256, hmac-sha1
DEB [20220523-07:42:04.677] thr=4   paramiko.transport: client compress: none
DEB [20220523-07:42:04.677] thr=4   paramiko.transport: server compress: none
DEB [20220523-07:42:04.677] thr=4   paramiko.transport: client lang: <none>
DEB [20220523-07:42:04.677] thr=4   paramiko.transport: server lang: <none>
DEB [20220523-07:42:04.677] thr=4   paramiko.transport: kex follows: False
DEB [20220523-07:42:04.677] thr=4   paramiko.transport: === Key exchange agreements ===
DEB [20220523-07:42:04.677] thr=4   paramiko.transport: Kex: diffie-hellman-group-exchange-sha256
DEB [20220523-07:42:04.677] thr=4   paramiko.transport: HostKey: rsa-sha2-256
DEB [20220523-07:42:04.677] thr=4   paramiko.transport: Cipher: aes192-ctr
DEB [20220523-07:42:04.677] thr=4   paramiko.transport: MAC: hmac-sha2-256
DEB [20220523-07:42:04.677] thr=4   paramiko.transport: Compression: none
DEB [20220523-07:42:04.677] thr=4   paramiko.transport: === End of kex handshake ===
DEB [20220523-07:42:04.679] thr=4   paramiko.transport: Got server p (2048 bits)
DEB [20220523-07:42:06.490] thr=4   paramiko.transport: kex engine KexGexSHA256 specified hash_algo <built-in function openssl_sha256>
DEB [20220523-07:42:06.490] thr=4   paramiko.transport: Switch to new keys ...
DEB [20220523-07:42:06.491] thr=2   paramiko.transport: Adding ssh-rsa host key for 192.168.88.1: b'37e60b0668473205aa35604a9cc5fc5c'
DEB [20220523-07:42:06.491] thr=2   paramiko.transport: Trying SSH key b'a4b38243179bf679fca0083b31f266e3'
DEB [20220523-07:42:06.495] thr=4   paramiko.transport: userauth is OK
DEB [20220523-07:42:06.495] thr=4   paramiko.transport: Finalizing pubkey algorithm for key of type 'ssh-rsa'
DEB [20220523-07:42:06.495] thr=4   paramiko.transport: Our pubkey algorithm list: ['ssh-rsa']
DEB [20220523-07:42:06.495] thr=4   paramiko.transport: Server did not send a server-sig-algs list; defaulting to our first preferred algo ('ssh-rsa')
DEB [20220523-07:42:06.495] thr=4   paramiko.transport: NOTE: you may use the 'disabled_algorithms' SSHClient/Transport init kwarg to disable that or other algorithms if your server does not support them!
INF [20220523-07:42:06.528] thr=4   paramiko.transport: Authentication (publickey) successful!
DEB [20220523-07:42:06.528] thr=2   paramiko.transport: [chan 0] Max packet in: 32768 bytes
DEB [20220523-07:42:06.529] thr=4   paramiko.transport: [chan 0] Max packet out: 262144 bytes
DEB [20220523-07:42:06.529] thr=4   paramiko.transport: Secsh channel 0 opened.
DEB [20220523-07:42:06.531] thr=4   paramiko.transport: [chan 0] Sesch channel 0 request ok
DEB [20220523-07:42:06.670] thr=4   paramiko.transport: [chan 0] EOF sent (0)
DEB [20220523-07:42:06.737] thr=5   paramiko.transport: starting thread (client mode): 0x64ee640
DEB [20220523-07:42:06.737] thr=5   paramiko.transport: Local version/idstring: SSH-2.0-paramiko_2.10.4
DEB [20220523-07:42:06.738] thr=5   paramiko.transport: Remote version/idstring: SSH-2.0-ROSSSH
INF [20220523-07:42:06.738] thr=5   paramiko.transport: Connected (version 2.0, client ROSSSH)
DEB [20220523-07:42:06.740] thr=5   paramiko.transport: === Key exchange possibilities ===
DEB [20220523-07:42:06.740] thr=5   paramiko.transport: kex algos: diffie-hellman-group-exchange-sha256
DEB [20220523-07:42:06.740] thr=5   paramiko.transport: server key: ssh-rsa, rsa-sha2-256
DEB [20220523-07:42:06.740] thr=5   paramiko.transport: client encrypt: aes256-ctr, aes192-ctr
DEB [20220523-07:42:06.740] thr=5   paramiko.transport: server encrypt: aes256-ctr, aes192-ctr
DEB [20220523-07:42:06.740] thr=5   paramiko.transport: client mac: hmac-sha2-256, hmac-sha1
DEB [20220523-07:42:06.740] thr=5   paramiko.transport: server mac: hmac-sha2-256, hmac-sha1
DEB [20220523-07:42:06.740] thr=5   paramiko.transport: client compress: none
DEB [20220523-07:42:06.740] thr=5   paramiko.transport: server compress: none
DEB [20220523-07:42:06.740] thr=5   paramiko.transport: client lang: <none>
DEB [20220523-07:42:06.740] thr=5   paramiko.transport: server lang: <none>
DEB [20220523-07:42:06.740] thr=5   paramiko.transport: kex follows: False
DEB [20220523-07:42:06.740] thr=5   paramiko.transport: === Key exchange agreements ===
DEB [20220523-07:42:06.740] thr=5   paramiko.transport: Kex: diffie-hellman-group-exchange-sha256
DEB [20220523-07:42:06.740] thr=5   paramiko.transport: HostKey: rsa-sha2-256
DEB [20220523-07:42:06.741] thr=5   paramiko.transport: Cipher: aes192-ctr
DEB [20220523-07:42:06.741] thr=5   paramiko.transport: MAC: hmac-sha2-256
DEB [20220523-07:42:06.741] thr=5   paramiko.transport: Compression: none
DEB [20220523-07:42:06.741] thr=5   paramiko.transport: === End of kex handshake ===
DEB [20220523-07:42:06.742] thr=5   paramiko.transport: Got server p (2048 bits)
DEB [20220523-07:42:09.069] thr=5   paramiko.transport: kex engine KexGexSHA256 specified hash_algo <built-in function openssl_sha256>
DEB [20220523-07:42:09.069] thr=5   paramiko.transport: Switch to new keys ...
DEB [20220523-07:42:09.070] thr=2   paramiko.transport: Adding ssh-rsa host key for 192.168.88.1: b'37e60b0668473205aa35604a9cc5fc5c'
DEB [20220523-07:42:09.071] thr=2   paramiko.transport: Trying SSH key b'a4b38243179bf679fca0083b31f266e3'
DEB [20220523-07:42:09.076] thr=5   paramiko.transport: userauth is OK
DEB [20220523-07:42:09.076] thr=5   paramiko.transport: Finalizing pubkey algorithm for key of type 'ssh-rsa'
DEB [20220523-07:42:09.077] thr=5   paramiko.transport: Our pubkey algorithm list: ['ssh-rsa']
DEB [20220523-07:42:09.077] thr=5   paramiko.transport: Server did not send a server-sig-algs list; defaulting to our first preferred algo ('ssh-rsa')
DEB [20220523-07:42:09.077] thr=5   paramiko.transport: NOTE: you may use the 'disabled_algorithms' SSHClient/Transport init kwarg to disable that or other algorithms if your server does not support them!
INF [20220523-07:42:09.123] thr=5   paramiko.transport: Authentication (publickey) successful!
DEB [20220523-07:42:09.123] thr=2   paramiko.transport: [chan 0] Max packet in: 32768 bytes
DEB [20220523-07:42:09.124] thr=5   paramiko.transport: [chan 0] Max packet out: 262144 bytes
DEB [20220523-07:42:09.124] thr=5   paramiko.transport: Secsh channel 0 opened.
DEB [20220523-07:42:09.125] thr=5   paramiko.transport: [chan 0] Sesch channel 0 request ok
DEB [20220523-07:42:09.169] thr=5   paramiko.transport: [chan 0] EOF sent (0)
DEB [20220523-07:42:09.293] thr=6   paramiko.transport: starting thread (client mode): 0x64eacd0
DEB [20220523-07:42:09.293] thr=6   paramiko.transport: Local version/idstring: SSH-2.0-paramiko_2.10.4
DEB [20220523-07:42:09.300] thr=6   paramiko.transport: Remote version/idstring: SSH-2.0-ROSSSH
INF [20220523-07:42:09.300] thr=6   paramiko.transport: Connected (version 2.0, client ROSSSH)
DEB [20220523-07:42:09.303] thr=6   paramiko.transport: === Key exchange possibilities ===
DEB [20220523-07:42:09.303] thr=6   paramiko.transport: kex algos: diffie-hellman-group-exchange-sha256
DEB [20220523-07:42:09.303] thr=6   paramiko.transport: server key: ssh-rsa, rsa-sha2-256
DEB [20220523-07:42:09.303] thr=6   paramiko.transport: client encrypt: aes256-ctr, aes192-ctr
DEB [20220523-07:42:09.303] thr=6   paramiko.transport: server encrypt: aes256-ctr, aes192-ctr
DEB [20220523-07:42:09.304] thr=6   paramiko.transport: client mac: hmac-sha2-256, hmac-sha1
DEB [20220523-07:42:09.304] thr=6   paramiko.transport: server mac: hmac-sha2-256, hmac-sha1
DEB [20220523-07:42:09.304] thr=6   paramiko.transport: client compress: none
DEB [20220523-07:42:09.304] thr=6   paramiko.transport: server compress: none
DEB [20220523-07:42:09.304] thr=6   paramiko.transport: client lang: <none>
DEB [20220523-07:42:09.304] thr=6   paramiko.transport: server lang: <none>
DEB [20220523-07:42:09.305] thr=6   paramiko.transport: kex follows: False
DEB [20220523-07:42:09.305] thr=6   paramiko.transport: === Key exchange agreements ===
DEB [20220523-07:42:09.305] thr=6   paramiko.transport: Kex: diffie-hellman-group-exchange-sha256
DEB [20220523-07:42:09.305] thr=6   paramiko.transport: HostKey: rsa-sha2-256
DEB [20220523-07:42:09.305] thr=6   paramiko.transport: Cipher: aes192-ctr
DEB [20220523-07:42:09.305] thr=6   paramiko.transport: MAC: hmac-sha2-256
DEB [20220523-07:42:09.305] thr=6   paramiko.transport: Compression: none
DEB [20220523-07:42:09.305] thr=6   paramiko.transport: === End of kex handshake ===
DEB [20220523-07:42:09.306] thr=6   paramiko.transport: Got server p (2048 bits)
DEB [20220523-07:42:11.161] thr=6   paramiko.transport: kex engine KexGexSHA256 specified hash_algo <built-in function openssl_sha256>
DEB [20220523-07:42:11.162] thr=6   paramiko.transport: Switch to new keys ...
DEB [20220523-07:42:11.162] thr=2   paramiko.transport: Adding ssh-rsa host key for 192.168.88.1: b'37e60b0668473205aa35604a9cc5fc5c'
DEB [20220523-07:42:11.162] thr=2   paramiko.transport: Trying SSH key b'a4b38243179bf679fca0083b31f266e3'
DEB [20220523-07:42:11.167] thr=6   paramiko.transport: userauth is OK
DEB [20220523-07:42:11.167] thr=6   paramiko.transport: Finalizing pubkey algorithm for key of type 'ssh-rsa'
DEB [20220523-07:42:11.167] thr=6   paramiko.transport: Our pubkey algorithm list: ['ssh-rsa']
DEB [20220523-07:42:11.167] thr=6   paramiko.transport: Server did not send a server-sig-algs list; defaulting to our first preferred algo ('ssh-rsa')
DEB [20220523-07:42:11.167] thr=6   paramiko.transport: NOTE: you may use the 'disabled_algorithms' SSHClient/Transport init kwarg to disable that or other algorithms if your server does not support them!
INF [20220523-07:42:11.200] thr=6   paramiko.transport: Authentication (publickey) successful!
DEB [20220523-07:42:11.200] thr=2   paramiko.transport: [chan 0] Max packet in: 32768 bytes
DEB [20220523-07:42:11.201] thr=6   paramiko.transport: [chan 0] Max packet out: 262144 bytes
DEB [20220523-07:42:11.201] thr=6   paramiko.transport: Secsh channel 0 opened.
DEB [20220523-07:42:11.202] thr=6   paramiko.transport: [chan 0] Sesch channel 0 request ok
DEB [20220523-07:42:11.211] thr=6   paramiko.transport: [chan 0] EOF sent (0)
DEB [20220523-07:42:11.257] thr=7   paramiko.transport: starting thread (client mode): 0x64f22e0
DEB [20220523-07:42:11.257] thr=7   paramiko.transport: Local version/idstring: SSH-2.0-paramiko_2.10.4
DEB [20220523-07:42:11.259] thr=7   paramiko.transport: Remote version/idstring: SSH-2.0-ROSSSH
INF [20220523-07:42:11.259] thr=7   paramiko.transport: Connected (version 2.0, client ROSSSH)
DEB [20220523-07:42:11.261] thr=7   paramiko.transport: === Key exchange possibilities ===
DEB [20220523-07:42:11.261] thr=7   paramiko.transport: kex algos: diffie-hellman-group-exchange-sha256
DEB [20220523-07:42:11.261] thr=7   paramiko.transport: server key: ssh-rsa, rsa-sha2-256
DEB [20220523-07:42:11.261] thr=7   paramiko.transport: client encrypt: aes256-ctr, aes192-ctr
DEB [20220523-07:42:11.261] thr=7   paramiko.transport: server encrypt: aes256-ctr, aes192-ctr
DEB [20220523-07:42:11.261] thr=7   paramiko.transport: client mac: hmac-sha2-256, hmac-sha1
DEB [20220523-07:42:11.261] thr=7   paramiko.transport: server mac: hmac-sha2-256, hmac-sha1
DEB [20220523-07:42:11.261] thr=7   paramiko.transport: client compress: none
DEB [20220523-07:42:11.261] thr=7   paramiko.transport: server compress: none
DEB [20220523-07:42:11.261] thr=7   paramiko.transport: client lang: <none>
DEB [20220523-07:42:11.261] thr=7   paramiko.transport: server lang: <none>
DEB [20220523-07:42:11.261] thr=7   paramiko.transport: kex follows: False
DEB [20220523-07:42:11.261] thr=7   paramiko.transport: === Key exchange agreements ===
DEB [20220523-07:42:11.261] thr=7   paramiko.transport: Kex: diffie-hellman-group-exchange-sha256
DEB [20220523-07:42:11.261] thr=7   paramiko.transport: HostKey: rsa-sha2-256
DEB [20220523-07:42:11.261] thr=7   paramiko.transport: Cipher: aes192-ctr
DEB [20220523-07:42:11.261] thr=7   paramiko.transport: MAC: hmac-sha2-256
DEB [20220523-07:42:11.261] thr=7   paramiko.transport: Compression: none
DEB [20220523-07:42:11.261] thr=7   paramiko.transport: === End of kex handshake ===
DEB [20220523-07:42:11.263] thr=7   paramiko.transport: Got server p (2048 bits)
DEB [20220523-07:42:13.063] thr=7   paramiko.transport: kex engine KexGexSHA256 specified hash_algo <built-in function openssl_sha256>
DEB [20220523-07:42:13.063] thr=7   paramiko.transport: Switch to new keys ...
DEB [20220523-07:42:13.064] thr=2   paramiko.transport: Adding ssh-rsa host key for 192.168.88.1: b'37e60b0668473205aa35604a9cc5fc5c'
DEB [20220523-07:42:13.064] thr=2   paramiko.transport: Trying SSH key b'a4b38243179bf679fca0083b31f266e3'
DEB [20220523-07:42:13.068] thr=7   paramiko.transport: userauth is OK
DEB [20220523-07:42:13.068] thr=7   paramiko.transport: Finalizing pubkey algorithm for key of type 'ssh-rsa'
DEB [20220523-07:42:13.068] thr=7   paramiko.transport: Our pubkey algorithm list: ['ssh-rsa']
DEB [20220523-07:42:13.068] thr=7   paramiko.transport: Server did not send a server-sig-algs list; defaulting to our first preferred algo ('ssh-rsa')
DEB [20220523-07:42:13.068] thr=7   paramiko.transport: NOTE: you may use the 'disabled_algorithms' SSHClient/Transport init kwarg to disable that or other algorithms if your server does not support them!
INF [20220523-07:42:13.100] thr=7   paramiko.transport: Authentication (publickey) successful!
DEB [20220523-07:42:13.100] thr=2   paramiko.transport: [chan 0] Max packet in: 32768 bytes
DEB [20220523-07:42:13.101] thr=7   paramiko.transport: [chan 0] Max packet out: 262144 bytes
DEB [20220523-07:42:13.101] thr=7   paramiko.transport: Secsh channel 0 opened.
DEB [20220523-07:42:13.102] thr=7   paramiko.transport: [chan 0] Sesch channel 0 request ok
DEB [20220523-07:42:13.113] thr=7   paramiko.transport: [chan 0] EOF sent (0)
DEB [20220523-07:42:13.160] thr=8   paramiko.transport: starting thread (client mode): 0x64fd8e0
DEB [20220523-07:42:13.160] thr=8   paramiko.transport: Local version/idstring: SSH-2.0-paramiko_2.10.4
DEB [20220523-07:42:13.162] thr=8   paramiko.transport: Remote version/idstring: SSH-2.0-ROSSSH
INF [20220523-07:42:13.162] thr=8   paramiko.transport: Connected (version 2.0, client ROSSSH)
DEB [20220523-07:42:13.164] thr=8   paramiko.transport: === Key exchange possibilities ===
DEB [20220523-07:42:13.164] thr=8   paramiko.transport: kex algos: diffie-hellman-group-exchange-sha256
DEB [20220523-07:42:13.164] thr=8   paramiko.transport: server key: ssh-rsa, rsa-sha2-256
DEB [20220523-07:42:13.164] thr=8   paramiko.transport: client encrypt: aes256-ctr, aes192-ctr
DEB [20220523-07:42:13.164] thr=8   paramiko.transport: server encrypt: aes256-ctr, aes192-ctr
DEB [20220523-07:42:13.164] thr=8   paramiko.transport: client mac: hmac-sha2-256, hmac-sha1
DEB [20220523-07:42:13.164] thr=8   paramiko.transport: server mac: hmac-sha2-256, hmac-sha1
DEB [20220523-07:42:13.164] thr=8   paramiko.transport: client compress: none
DEB [20220523-07:42:13.164] thr=8   paramiko.transport: server compress: none
DEB [20220523-07:42:13.164] thr=8   paramiko.transport: client lang: <none>
DEB [20220523-07:42:13.164] thr=8   paramiko.transport: server lang: <none>
DEB [20220523-07:42:13.164] thr=8   paramiko.transport: kex follows: False
DEB [20220523-07:42:13.164] thr=8   paramiko.transport: === Key exchange agreements ===
DEB [20220523-07:42:13.164] thr=8   paramiko.transport: Kex: diffie-hellman-group-exchange-sha256
DEB [20220523-07:42:13.164] thr=8   paramiko.transport: HostKey: rsa-sha2-256
DEB [20220523-07:42:13.165] thr=8   paramiko.transport: Cipher: aes192-ctr
DEB [20220523-07:42:13.165] thr=8   paramiko.transport: MAC: hmac-sha2-256
DEB [20220523-07:42:13.165] thr=8   paramiko.transport: Compression: none
DEB [20220523-07:42:13.165] thr=8   paramiko.transport: === End of kex handshake ===
DEB [20220523-07:42:13.167] thr=8   paramiko.transport: Got server p (2048 bits)
DEB [20220523-07:42:15.411] thr=8   paramiko.transport: kex engine KexGexSHA256 specified hash_algo <built-in function openssl_sha256>
DEB [20220523-07:42:15.412] thr=8   paramiko.transport: Switch to new keys ...
DEB [20220523-07:42:15.413] thr=2   paramiko.transport: Adding ssh-rsa host key for 192.168.88.1: b'37e60b0668473205aa35604a9cc5fc5c'
DEB [20220523-07:42:15.413] thr=2   paramiko.transport: Trying SSH key b'a4b38243179bf679fca0083b31f266e3'
DEB [20220523-07:42:15.420] thr=8   paramiko.transport: userauth is OK
DEB [20220523-07:42:15.420] thr=8   paramiko.transport: Finalizing pubkey algorithm for key of type 'ssh-rsa'
DEB [20220523-07:42:15.420] thr=8   paramiko.transport: Our pubkey algorithm list: ['ssh-rsa']
DEB [20220523-07:42:15.420] thr=8   paramiko.transport: Server did not send a server-sig-algs list; defaulting to our first preferred algo ('ssh-rsa')
DEB [20220523-07:42:15.420] thr=8   paramiko.transport: NOTE: you may use the 'disabled_algorithms' SSHClient/Transport init kwarg to disable that or other algorithms if your server does not support them!
INF [20220523-07:42:15.452] thr=8   paramiko.transport: Authentication (publickey) successful!
DEB [20220523-07:42:15.452] thr=2   paramiko.transport: [chan 0] Max packet in: 32768 bytes
DEB [20220523-07:42:15.454] thr=8   paramiko.transport: [chan 0] Max packet out: 262144 bytes
DEB [20220523-07:42:15.454] thr=8   paramiko.transport: Secsh channel 0 opened.
DEB [20220523-07:42:15.455] thr=8   paramiko.transport: [chan 0] Sesch channel 0 request ok
DEB [20220523-07:42:15.463] thr=8   paramiko.transport: [chan 0] EOF sent (0)
DEB [20220523-07:42:15.509] thr=9   paramiko.transport: starting thread (client mode): 0x64fb5e0
DEB [20220523-07:42:15.509] thr=9   paramiko.transport: Local version/idstring: SSH-2.0-paramiko_2.10.4
DEB [20220523-07:42:15.511] thr=9   paramiko.transport: Remote version/idstring: SSH-2.0-ROSSSH
INF [20220523-07:42:15.511] thr=9   paramiko.transport: Connected (version 2.0, client ROSSSH)
DEB [20220523-07:42:15.513] thr=9   paramiko.transport: === Key exchange possibilities ===
DEB [20220523-07:42:15.513] thr=9   paramiko.transport: kex algos: diffie-hellman-group-exchange-sha256
DEB [20220523-07:42:15.513] thr=9   paramiko.transport: server key: ssh-rsa, rsa-sha2-256
DEB [20220523-07:42:15.513] thr=9   paramiko.transport: client encrypt: aes256-ctr, aes192-ctr
DEB [20220523-07:42:15.513] thr=9   paramiko.transport: server encrypt: aes256-ctr, aes192-ctr
DEB [20220523-07:42:15.513] thr=9   paramiko.transport: client mac: hmac-sha2-256, hmac-sha1
DEB [20220523-07:42:15.513] thr=9   paramiko.transport: server mac: hmac-sha2-256, hmac-sha1
DEB [20220523-07:42:15.513] thr=9   paramiko.transport: client compress: none
DEB [20220523-07:42:15.513] thr=9   paramiko.transport: server compress: none
DEB [20220523-07:42:15.513] thr=9   paramiko.transport: client lang: <none>
DEB [20220523-07:42:15.513] thr=9   paramiko.transport: server lang: <none>
DEB [20220523-07:42:15.513] thr=9   paramiko.transport: kex follows: False
DEB [20220523-07:42:15.513] thr=9   paramiko.transport: === Key exchange agreements ===
DEB [20220523-07:42:15.513] thr=9   paramiko.transport: Kex: diffie-hellman-group-exchange-sha256
DEB [20220523-07:42:15.513] thr=9   paramiko.transport: HostKey: rsa-sha2-256
DEB [20220523-07:42:15.513] thr=9   paramiko.transport: Cipher: aes192-ctr
DEB [20220523-07:42:15.513] thr=9   paramiko.transport: MAC: hmac-sha2-256
DEB [20220523-07:42:15.513] thr=9   paramiko.transport: Compression: none
DEB [20220523-07:42:15.513] thr=9   paramiko.transport: === End of kex handshake ===
DEB [20220523-07:42:15.515] thr=9   paramiko.transport: Got server p (2048 bits)
DEB [20220523-07:42:17.242] thr=9   paramiko.transport: kex engine KexGexSHA256 specified hash_algo <built-in function openssl_sha256>
DEB [20220523-07:42:17.243] thr=9   paramiko.transport: Switch to new keys ...
DEB [20220523-07:42:17.243] thr=2   paramiko.transport: Adding ssh-rsa host key for 192.168.88.1: b'37e60b0668473205aa35604a9cc5fc5c'
DEB [20220523-07:42:17.243] thr=2   paramiko.transport: Trying SSH key b'a4b38243179bf679fca0083b31f266e3'
DEB [20220523-07:42:17.247] thr=9   paramiko.transport: userauth is OK
DEB [20220523-07:42:17.247] thr=9   paramiko.transport: Finalizing pubkey algorithm for key of type 'ssh-rsa'
DEB [20220523-07:42:17.248] thr=9   paramiko.transport: Our pubkey algorithm list: ['ssh-rsa']
DEB [20220523-07:42:17.248] thr=9   paramiko.transport: Server did not send a server-sig-algs list; defaulting to our first preferred algo ('ssh-rsa')
DEB [20220523-07:42:17.248] thr=9   paramiko.transport: NOTE: you may use the 'disabled_algorithms' SSHClient/Transport init kwarg to disable that or other algorithms if your server does not support them!
INF [20220523-07:42:17.279] thr=9   paramiko.transport: Authentication (publickey) successful!
DEB [20220523-07:42:17.279] thr=2   paramiko.transport: [chan 0] Max packet in: 32768 bytes
DEB [20220523-07:42:17.281] thr=9   paramiko.transport: [chan 0] Max packet out: 262144 bytes
DEB [20220523-07:42:17.281] thr=9   paramiko.transport: Secsh channel 0 opened.
DEB [20220523-07:42:17.282] thr=9   paramiko.transport: [chan 0] Sesch channel 0 request ok
DEB [20220523-07:42:17.294] thr=9   paramiko.transport: [chan 0] EOF sent (0)
DEB [20220523-07:42:17.341] thr=10  paramiko.transport: starting thread (client mode): 0x6507b20
DEB [20220523-07:42:17.341] thr=10  paramiko.transport: Local version/idstring: SSH-2.0-paramiko_2.10.4
DEB [20220523-07:42:17.343] thr=10  paramiko.transport: Remote version/idstring: SSH-2.0-ROSSSH
INF [20220523-07:42:17.343] thr=10  paramiko.transport: Connected (version 2.0, client ROSSSH)
DEB [20220523-07:42:17.345] thr=10  paramiko.transport: === Key exchange possibilities ===
DEB [20220523-07:42:17.345] thr=10  paramiko.transport: kex algos: diffie-hellman-group-exchange-sha256
DEB [20220523-07:42:17.345] thr=10  paramiko.transport: server key: ssh-rsa, rsa-sha2-256
DEB [20220523-07:42:17.345] thr=10  paramiko.transport: client encrypt: aes256-ctr, aes192-ctr
DEB [20220523-07:42:17.345] thr=10  paramiko.transport: server encrypt: aes256-ctr, aes192-ctr
DEB [20220523-07:42:17.345] thr=10  paramiko.transport: client mac: hmac-sha2-256, hmac-sha1
DEB [20220523-07:42:17.345] thr=10  paramiko.transport: server mac: hmac-sha2-256, hmac-sha1
DEB [20220523-07:42:17.345] thr=10  paramiko.transport: client compress: none
DEB [20220523-07:42:17.345] thr=10  paramiko.transport: server compress: none
DEB [20220523-07:42:17.345] thr=10  paramiko.transport: client lang: <none>
DEB [20220523-07:42:17.345] thr=10  paramiko.transport: server lang: <none>
DEB [20220523-07:42:17.345] thr=10  paramiko.transport: kex follows: False
DEB [20220523-07:42:17.345] thr=10  paramiko.transport: === Key exchange agreements ===
DEB [20220523-07:42:17.345] thr=10  paramiko.transport: Kex: diffie-hellman-group-exchange-sha256
DEB [20220523-07:42:17.345] thr=10  paramiko.transport: HostKey: rsa-sha2-256
DEB [20220523-07:42:17.345] thr=10  paramiko.transport: Cipher: aes192-ctr
DEB [20220523-07:42:17.345] thr=10  paramiko.transport: MAC: hmac-sha2-256
DEB [20220523-07:42:17.345] thr=10  paramiko.transport: Compression: none
DEB [20220523-07:42:17.345] thr=10  paramiko.transport: === End of kex handshake ===
DEB [20220523-07:42:17.347] thr=10  paramiko.transport: Got server p (2048 bits)
DEB [20220523-07:42:19.587] thr=10  paramiko.transport: kex engine KexGexSHA256 specified hash_algo <built-in function openssl_sha256>
DEB [20220523-07:42:19.587] thr=10  paramiko.transport: Switch to new keys ...
DEB [20220523-07:42:19.587] thr=2   paramiko.transport: Adding ssh-rsa host key for 192.168.88.1: b'37e60b0668473205aa35604a9cc5fc5c'
DEB [20220523-07:42:19.588] thr=2   paramiko.transport: Trying SSH key b'5fc4f1ffd8b9f1499ede3072a7bb90fb'
DEB [20220523-07:42:19.603] thr=10  paramiko.transport: userauth is OK
DEB [20220523-07:42:19.603] thr=10  paramiko.transport: Finalizing pubkey algorithm for key of type 'ssh-rsa'
DEB [20220523-07:42:19.603] thr=10  paramiko.transport: Our pubkey algorithm list: ['ssh-rsa']
DEB [20220523-07:42:19.603] thr=10  paramiko.transport: Server did not send a server-sig-algs list; defaulting to our first preferred algo ('ssh-rsa')
DEB [20220523-07:42:19.603] thr=10  paramiko.transport: NOTE: you may use the 'disabled_algorithms' SSHClient/Transport init kwarg to disable that or other algorithms if your server does not support them!
INF [20220523-07:42:19.635] thr=10  paramiko.transport: Authentication (publickey) successful!
DEB [20220523-07:42:19.635] thr=2   paramiko.transport: [chan 0] Max packet in: 32768 bytes
DEB [20220523-07:42:19.637] thr=10  paramiko.transport: [chan 0] Max packet out: 262144 bytes
DEB [20220523-07:42:19.637] thr=10  paramiko.transport: Secsh channel 0 opened.
DEB [20220523-07:42:19.638] thr=10  paramiko.transport: [chan 0] Sesch channel 0 request ok
DEB [20220523-07:42:19.646] thr=10  paramiko.transport: [chan 0] EOF sent (0)
DEB [20220523-08:09:19.287] thr=1   paramiko.transport: starting thread (client mode): 0x45f60a0
DEB [20220523-08:09:19.287] thr=1   paramiko.transport: Local version/idstring: SSH-2.0-paramiko_2.10.4
DEB [20220523-08:09:19.322] thr=1   paramiko.transport: Remote version/idstring: SSH-2.0-ROSSSH
INF [20220523-08:09:19.322] thr=1   paramiko.transport: Connected (version 2.0, client ROSSSH)
DEB [20220523-08:09:19.324] thr=1   paramiko.transport: === Key exchange possibilities ===
DEB [20220523-08:09:19.324] thr=1   paramiko.transport: kex algos: diffie-hellman-group-exchange-sha256
DEB [20220523-08:09:19.324] thr=1   paramiko.transport: server key: ssh-rsa, rsa-sha2-256
DEB [20220523-08:09:19.324] thr=1   paramiko.transport: client encrypt: aes256-ctr, aes192-ctr
DEB [20220523-08:09:19.324] thr=1   paramiko.transport: server encrypt: aes256-ctr, aes192-ctr
DEB [20220523-08:09:19.324] thr=1   paramiko.transport: client mac: hmac-sha2-256, hmac-sha1
DEB [20220523-08:09:19.324] thr=1   paramiko.transport: server mac: hmac-sha2-256, hmac-sha1
DEB [20220523-08:09:19.324] thr=1   paramiko.transport: client compress: none
DEB [20220523-08:09:19.324] thr=1   paramiko.transport: server compress: none
DEB [20220523-08:09:19.324] thr=1   paramiko.transport: client lang: <none>
DEB [20220523-08:09:19.324] thr=1   paramiko.transport: server lang: <none>
DEB [20220523-08:09:19.324] thr=1   paramiko.transport: kex follows: False
DEB [20220523-08:09:19.324] thr=1   paramiko.transport: === Key exchange agreements ===
DEB [20220523-08:09:19.324] thr=1   paramiko.transport: Kex: diffie-hellman-group-exchange-sha256
DEB [20220523-08:09:19.324] thr=1   paramiko.transport: HostKey: rsa-sha2-256
DEB [20220523-08:09:19.324] thr=1   paramiko.transport: Cipher: aes192-ctr
DEB [20220523-08:09:19.324] thr=1   paramiko.transport: MAC: hmac-sha2-256
DEB [20220523-08:09:19.324] thr=1   paramiko.transport: Compression: none
DEB [20220523-08:09:19.324] thr=1   paramiko.transport: === End of kex handshake ===
DEB [20220523-08:09:19.326] thr=1   paramiko.transport: Got server p (2048 bits)
DEB [20220523-08:09:21.103] thr=1   paramiko.transport: kex engine KexGexSHA256 specified hash_algo <built-in function openssl_sha256>
DEB [20220523-08:09:21.104] thr=1   paramiko.transport: Switch to new keys ...
DEB [20220523-08:09:21.104] thr=2   paramiko.transport: Adding ssh-rsa host key for 192.168.88.1: b'37e60b0668473205aa35604a9cc5fc5c'
DEB [20220523-08:09:21.104] thr=2   paramiko.transport: Trying SSH key b'5fc4f1ffd8b9f1499ede3072a7bb90fb'
DEB [20220523-08:09:21.108] thr=1   paramiko.transport: userauth is OK
DEB [20220523-08:09:21.108] thr=1   paramiko.transport: Finalizing pubkey algorithm for key of type 'ssh-rsa'
DEB [20220523-08:09:21.108] thr=1   paramiko.transport: Our pubkey algorithm list: ['ssh-rsa']
DEB [20220523-08:09:21.108] thr=1   paramiko.transport: Server did not send a server-sig-algs list; defaulting to our first preferred algo ('ssh-rsa')
DEB [20220523-08:09:21.108] thr=1   paramiko.transport: NOTE: you may use the 'disabled_algorithms' SSHClient/Transport init kwarg to disable that or other algorithms if your server does not support them!
INF [20220523-08:09:21.142] thr=1   paramiko.transport: Authentication (publickey) successful!
DEB [20220523-08:09:21.142] thr=2   paramiko.transport: [chan 0] Max packet in: 32768 bytes
DEB [20220523-08:09:21.143] thr=1   paramiko.transport: [chan 0] Max packet out: 262144 bytes
DEB [20220523-08:09:21.143] thr=1   paramiko.transport: Secsh channel 0 opened.
DEB [20220523-08:09:21.144] thr=1   paramiko.transport: [chan 0] Sesch channel 0 request ok
INF [20220523-08:09:21.145] thr=2   paramiko.transport.sftp: [chan 0] Opened sftp connection (server version 3)
DEB [20220523-08:09:21.146] thr=2   paramiko.transport.sftp: [chan 0] open(b'/192.168.88.1.pub', 'wb')
DEB [20220523-08:09:21.147] thr=2   paramiko.transport.sftp: [chan 0] open(b'/192.168.88.1.pub', 'wb') -> 68616e646c655f31000000000000000000000000
DEB [20220523-08:09:21.147] thr=2   paramiko.transport.sftp: [chan 0] close(68616e646c655f31000000000000000000000000)
DEB [20220523-08:09:21.149] thr=2   paramiko.transport.sftp: [chan 0] stat(b'/192.168.88.1.pub')
INF [20220523-08:09:21.151] thr=2   paramiko.transport.sftp: [chan 0] sftp session closed.
DEB [20220523-08:09:21.151] thr=2   paramiko.transport: [chan 0] EOF sent (0)
DEB [20220523-08:09:21.196] thr=3   paramiko.transport: starting thread (client mode): 0x4671550
DEB [20220523-08:09:21.196] thr=3   paramiko.transport: Local version/idstring: SSH-2.0-paramiko_2.10.4
DEB [20220523-08:09:21.198] thr=3   paramiko.transport: Remote version/idstring: SSH-2.0-ROSSSH
INF [20220523-08:09:21.198] thr=3   paramiko.transport: Connected (version 2.0, client ROSSSH)
DEB [20220523-08:09:21.200] thr=3   paramiko.transport: === Key exchange possibilities ===
DEB [20220523-08:09:21.200] thr=3   paramiko.transport: kex algos: diffie-hellman-group-exchange-sha256
DEB [20220523-08:09:21.200] thr=3   paramiko.transport: server key: ssh-rsa, rsa-sha2-256
DEB [20220523-08:09:21.200] thr=3   paramiko.transport: client encrypt: aes256-ctr, aes192-ctr
DEB [20220523-08:09:21.200] thr=3   paramiko.transport: server encrypt: aes256-ctr, aes192-ctr
DEB [20220523-08:09:21.200] thr=3   paramiko.transport: client mac: hmac-sha2-256, hmac-sha1
DEB [20220523-08:09:21.200] thr=3   paramiko.transport: server mac: hmac-sha2-256, hmac-sha1
DEB [20220523-08:09:21.200] thr=3   paramiko.transport: client compress: none
DEB [20220523-08:09:21.200] thr=3   paramiko.transport: server compress: none
DEB [20220523-08:09:21.200] thr=3   paramiko.transport: client lang: <none>
DEB [20220523-08:09:21.200] thr=3   paramiko.transport: server lang: <none>
DEB [20220523-08:09:21.200] thr=3   paramiko.transport: kex follows: False
DEB [20220523-08:09:21.200] thr=3   paramiko.transport: === Key exchange agreements ===
DEB [20220523-08:09:21.200] thr=3   paramiko.transport: Kex: diffie-hellman-group-exchange-sha256
DEB [20220523-08:09:21.200] thr=3   paramiko.transport: HostKey: rsa-sha2-256
DEB [20220523-08:09:21.200] thr=3   paramiko.transport: Cipher: aes192-ctr
DEB [20220523-08:09:21.200] thr=3   paramiko.transport: MAC: hmac-sha2-256
DEB [20220523-08:09:21.200] thr=3   paramiko.transport: Compression: none
DEB [20220523-08:09:21.200] thr=3   paramiko.transport: === End of kex handshake ===
DEB [20220523-08:09:21.202] thr=3   paramiko.transport: Got server p (2048 bits)
DEB [20220523-08:09:21.252] thr=1   paramiko.transport: EOF in transport thread
DEB [20220523-08:09:23.385] thr=3   paramiko.transport: kex engine KexGexSHA256 specified hash_algo <built-in function openssl_sha256>
DEB [20220523-08:09:23.386] thr=3   paramiko.transport: Switch to new keys ...
DEB [20220523-08:09:23.386] thr=2   paramiko.transport: Adding ssh-rsa host key for 192.168.88.1: b'37e60b0668473205aa35604a9cc5fc5c'
DEB [20220523-08:09:23.386] thr=2   paramiko.transport: Trying SSH key b'5fc4f1ffd8b9f1499ede3072a7bb90fb'
DEB [20220523-08:09:23.390] thr=3   paramiko.transport: userauth is OK
DEB [20220523-08:09:23.390] thr=3   paramiko.transport: Finalizing pubkey algorithm for key of type 'ssh-rsa'
DEB [20220523-08:09:23.390] thr=3   paramiko.transport: Our pubkey algorithm list: ['ssh-rsa']
DEB [20220523-08:09:23.390] thr=3   paramiko.transport: Server did not send a server-sig-algs list; defaulting to our first preferred algo ('ssh-rsa')
DEB [20220523-08:09:23.390] thr=3   paramiko.transport: NOTE: you may use the 'disabled_algorithms' SSHClient/Transport init kwarg to disable that or other algorithms if your server does not support them!
INF [20220523-08:09:23.422] thr=3   paramiko.transport: Authentication (publickey) successful!
DEB [20220523-08:09:23.422] thr=2   paramiko.transport: [chan 0] Max packet in: 32768 bytes
DEB [20220523-08:09:23.423] thr=3   paramiko.transport: [chan 0] Max packet out: 262144 bytes
DEB [20220523-08:09:23.423] thr=3   paramiko.transport: Secsh channel 0 opened.
DEB [20220523-08:09:23.424] thr=3   paramiko.transport: [chan 0] Sesch channel 0 request ok
DEB [20220523-08:09:23.465] thr=3   paramiko.transport: [chan 0] EOF sent (0)
DEB [20220523-08:09:23.511] thr=4   paramiko.transport: starting thread (client mode): 0x4684c70
DEB [20220523-08:09:23.511] thr=4   paramiko.transport: Local version/idstring: SSH-2.0-paramiko_2.10.4
DEB [20220523-08:09:23.513] thr=4   paramiko.transport: Remote version/idstring: SSH-2.0-ROSSSH
INF [20220523-08:09:23.513] thr=4   paramiko.transport: Connected (version 2.0, client ROSSSH)
DEB [20220523-08:09:23.515] thr=4   paramiko.transport: === Key exchange possibilities ===
DEB [20220523-08:09:23.515] thr=4   paramiko.transport: kex algos: diffie-hellman-group-exchange-sha256
DEB [20220523-08:09:23.515] thr=4   paramiko.transport: server key: ssh-rsa, rsa-sha2-256
DEB [20220523-08:09:23.515] thr=4   paramiko.transport: client encrypt: aes256-ctr, aes192-ctr
DEB [20220523-08:09:23.515] thr=4   paramiko.transport: server encrypt: aes256-ctr, aes192-ctr
DEB [20220523-08:09:23.515] thr=4   paramiko.transport: client mac: hmac-sha2-256, hmac-sha1
DEB [20220523-08:09:23.515] thr=4   paramiko.transport: server mac: hmac-sha2-256, hmac-sha1
DEB [20220523-08:09:23.515] thr=4   paramiko.transport: client compress: none
DEB [20220523-08:09:23.515] thr=4   paramiko.transport: server compress: none
DEB [20220523-08:09:23.515] thr=4   paramiko.transport: client lang: <none>
DEB [20220523-08:09:23.515] thr=4   paramiko.transport: server lang: <none>
DEB [20220523-08:09:23.515] thr=4   paramiko.transport: kex follows: False
DEB [20220523-08:09:23.515] thr=4   paramiko.transport: === Key exchange agreements ===
DEB [20220523-08:09:23.515] thr=4   paramiko.transport: Kex: diffie-hellman-group-exchange-sha256
DEB [20220523-08:09:23.515] thr=4   paramiko.transport: HostKey: rsa-sha2-256
DEB [20220523-08:09:23.515] thr=4   paramiko.transport: Cipher: aes192-ctr
DEB [20220523-08:09:23.515] thr=4   paramiko.transport: MAC: hmac-sha2-256
DEB [20220523-08:09:23.515] thr=4   paramiko.transport: Compression: none
DEB [20220523-08:09:23.515] thr=4   paramiko.transport: === End of kex handshake ===
DEB [20220523-08:09:23.516] thr=4   paramiko.transport: Got server p (2048 bits)
DEB [20220523-08:09:25.300] thr=4   paramiko.transport: kex engine KexGexSHA256 specified hash_algo <built-in function openssl_sha256>
DEB [20220523-08:09:25.300] thr=4   paramiko.transport: Switch to new keys ...
DEB [20220523-08:09:25.300] thr=2   paramiko.transport: Adding ssh-rsa host key for 192.168.88.1: b'37e60b0668473205aa35604a9cc5fc5c'
DEB [20220523-08:09:25.301] thr=2   paramiko.transport: Trying SSH key b'5fc4f1ffd8b9f1499ede3072a7bb90fb'
DEB [20220523-08:09:25.305] thr=4   paramiko.transport: userauth is OK
DEB [20220523-08:09:25.305] thr=4   paramiko.transport: Finalizing pubkey algorithm for key of type 'ssh-rsa'
DEB [20220523-08:09:25.305] thr=4   paramiko.transport: Our pubkey algorithm list: ['ssh-rsa']
DEB [20220523-08:09:25.305] thr=4   paramiko.transport: Server did not send a server-sig-algs list; defaulting to our first preferred algo ('ssh-rsa')
DEB [20220523-08:09:25.305] thr=4   paramiko.transport: NOTE: you may use the 'disabled_algorithms' SSHClient/Transport init kwarg to disable that or other algorithms if your server does not support them!
INF [20220523-08:09:25.336] thr=4   paramiko.transport: Authentication (publickey) successful!
DEB [20220523-08:09:25.336] thr=2   paramiko.transport: [chan 0] Max packet in: 32768 bytes
DEB [20220523-08:09:25.338] thr=4   paramiko.transport: [chan 0] Max packet out: 262144 bytes
DEB [20220523-08:09:25.338] thr=4   paramiko.transport: Secsh channel 0 opened.
DEB [20220523-08:09:25.339] thr=4   paramiko.transport: [chan 0] Sesch channel 0 request ok
DEB [20220523-08:09:25.352] thr=4   paramiko.transport: [chan 0] EOF sent (0)
DEB [20220523-08:09:25.397] thr=5   paramiko.transport: starting thread (client mode): 0x468e2e0
DEB [20220523-08:09:25.397] thr=5   paramiko.transport: Local version/idstring: SSH-2.0-paramiko_2.10.4
DEB [20220523-08:09:25.400] thr=5   paramiko.transport: Remote version/idstring: SSH-2.0-ROSSSH
INF [20220523-08:09:25.400] thr=5   paramiko.transport: Connected (version 2.0, client ROSSSH)
DEB [20220523-08:09:25.402] thr=5   paramiko.transport: === Key exchange possibilities ===
DEB [20220523-08:09:25.402] thr=5   paramiko.transport: kex algos: diffie-hellman-group-exchange-sha256
DEB [20220523-08:09:25.402] thr=5   paramiko.transport: server key: ssh-rsa, rsa-sha2-256
DEB [20220523-08:09:25.402] thr=5   paramiko.transport: client encrypt: aes256-ctr, aes192-ctr
DEB [20220523-08:09:25.402] thr=5   paramiko.transport: server encrypt: aes256-ctr, aes192-ctr
DEB [20220523-08:09:25.402] thr=5   paramiko.transport: client mac: hmac-sha2-256, hmac-sha1
DEB [20220523-08:09:25.402] thr=5   paramiko.transport: server mac: hmac-sha2-256, hmac-sha1
DEB [20220523-08:09:25.402] thr=5   paramiko.transport: client compress: none
DEB [20220523-08:09:25.402] thr=5   paramiko.transport: server compress: none
DEB [20220523-08:09:25.402] thr=5   paramiko.transport: client lang: <none>
DEB [20220523-08:09:25.402] thr=5   paramiko.transport: server lang: <none>
DEB [20220523-08:09:25.402] thr=5   paramiko.transport: kex follows: False
DEB [20220523-08:09:25.402] thr=5   paramiko.transport: === Key exchange agreements ===
DEB [20220523-08:09:25.402] thr=5   paramiko.transport: Kex: diffie-hellman-group-exchange-sha256
DEB [20220523-08:09:25.402] thr=5   paramiko.transport: HostKey: rsa-sha2-256
DEB [20220523-08:09:25.402] thr=5   paramiko.transport: Cipher: aes192-ctr
DEB [20220523-08:09:25.402] thr=5   paramiko.transport: MAC: hmac-sha2-256
DEB [20220523-08:09:25.402] thr=5   paramiko.transport: Compression: none
DEB [20220523-08:09:25.402] thr=5   paramiko.transport: === End of kex handshake ===
DEB [20220523-08:09:25.404] thr=5   paramiko.transport: Got server p (2048 bits)
DEB [20220523-08:09:27.650] thr=5   paramiko.transport: kex engine KexGexSHA256 specified hash_algo <built-in function openssl_sha256>
DEB [20220523-08:09:27.650] thr=5   paramiko.transport: Switch to new keys ...
DEB [20220523-08:09:27.650] thr=2   paramiko.transport: Adding ssh-rsa host key for 192.168.88.1: b'37e60b0668473205aa35604a9cc5fc5c'
DEB [20220523-08:09:27.651] thr=2   paramiko.transport: Trying SSH key b'5fc4f1ffd8b9f1499ede3072a7bb90fb'
DEB [20220523-08:09:27.655] thr=5   paramiko.transport: userauth is OK
DEB [20220523-08:09:27.655] thr=5   paramiko.transport: Finalizing pubkey algorithm for key of type 'ssh-rsa'
DEB [20220523-08:09:27.655] thr=5   paramiko.transport: Our pubkey algorithm list: ['ssh-rsa']
DEB [20220523-08:09:27.655] thr=5   paramiko.transport: Server did not send a server-sig-algs list; defaulting to our first preferred algo ('ssh-rsa')
DEB [20220523-08:09:27.655] thr=5   paramiko.transport: NOTE: you may use the 'disabled_algorithms' SSHClient/Transport init kwarg to disable that or other algorithms if your server does not support them!
INF [20220523-08:09:27.687] thr=5   paramiko.transport: Authentication (publickey) successful!
DEB [20220523-08:09:27.687] thr=2   paramiko.transport: [chan 0] Max packet in: 32768 bytes
DEB [20220523-08:09:27.688] thr=5   paramiko.transport: [chan 0] Max packet out: 262144 bytes
DEB [20220523-08:09:27.688] thr=5   paramiko.transport: Secsh channel 0 opened.
DEB [20220523-08:09:27.689] thr=5   paramiko.transport: [chan 0] Sesch channel 0 request ok
DEB [20220523-08:09:27.734] thr=5   paramiko.transport: [chan 0] EOF sent (0)
DEB [20220523-08:09:27.779] thr=6   paramiko.transport: starting thread (client mode): 0x46928e0
DEB [20220523-08:09:27.779] thr=6   paramiko.transport: Local version/idstring: SSH-2.0-paramiko_2.10.4
DEB [20220523-08:09:27.781] thr=6   paramiko.transport: Remote version/idstring: SSH-2.0-ROSSSH
INF [20220523-08:09:27.781] thr=6   paramiko.transport: Connected (version 2.0, client ROSSSH)
DEB [20220523-08:09:27.783] thr=6   paramiko.transport: === Key exchange possibilities ===
DEB [20220523-08:09:27.783] thr=6   paramiko.transport: kex algos: diffie-hellman-group-exchange-sha256
DEB [20220523-08:09:27.784] thr=6   paramiko.transport: server key: ssh-rsa, rsa-sha2-256
DEB [20220523-08:09:27.784] thr=6   paramiko.transport: client encrypt: aes256-ctr, aes192-ctr
DEB [20220523-08:09:27.784] thr=6   paramiko.transport: server encrypt: aes256-ctr, aes192-ctr
DEB [20220523-08:09:27.784] thr=6   paramiko.transport: client mac: hmac-sha2-256, hmac-sha1
DEB [20220523-08:09:27.784] thr=6   paramiko.transport: server mac: hmac-sha2-256, hmac-sha1
DEB [20220523-08:09:27.784] thr=6   paramiko.transport: client compress: none
DEB [20220523-08:09:27.784] thr=6   paramiko.transport: server compress: none
DEB [20220523-08:09:27.784] thr=6   paramiko.transport: client lang: <none>
DEB [20220523-08:09:27.784] thr=6   paramiko.transport: server lang: <none>
DEB [20220523-08:09:27.784] thr=6   paramiko.transport: kex follows: False
DEB [20220523-08:09:27.784] thr=6   paramiko.transport: === Key exchange agreements ===
DEB [20220523-08:09:27.784] thr=6   paramiko.transport: Kex: diffie-hellman-group-exchange-sha256
DEB [20220523-08:09:27.784] thr=6   paramiko.transport: HostKey: rsa-sha2-256
DEB [20220523-08:09:27.784] thr=6   paramiko.transport: Cipher: aes192-ctr
DEB [20220523-08:09:27.784] thr=6   paramiko.transport: MAC: hmac-sha2-256
DEB [20220523-08:09:27.784] thr=6   paramiko.transport: Compression: none
DEB [20220523-08:09:27.784] thr=6   paramiko.transport: === End of kex handshake ===
DEB [20220523-08:09:27.786] thr=6   paramiko.transport: Got server p (2048 bits)
DEB [20220523-08:09:29.788] thr=6   paramiko.transport: kex engine KexGexSHA256 specified hash_algo <built-in function openssl_sha256>
DEB [20220523-08:09:29.788] thr=6   paramiko.transport: Switch to new keys ...
DEB [20220523-08:09:29.789] thr=2   paramiko.transport: Adding ssh-rsa host key for 192.168.88.1: b'37e60b0668473205aa35604a9cc5fc5c'
DEB [20220523-08:09:29.789] thr=2   paramiko.transport: Trying SSH key b'5fc4f1ffd8b9f1499ede3072a7bb90fb'
DEB [20220523-08:09:30.120] thr=6   paramiko.transport: userauth is OK
DEB [20220523-08:09:30.121] thr=6   paramiko.transport: Finalizing pubkey algorithm for key of type 'ssh-rsa'
DEB [20220523-08:09:30.121] thr=6   paramiko.transport: Our pubkey algorithm list: ['ssh-rsa']
DEB [20220523-08:09:30.121] thr=6   paramiko.transport: Server did not send a server-sig-algs list; defaulting to our first preferred algo ('ssh-rsa')
DEB [20220523-08:09:30.121] thr=6   paramiko.transport: NOTE: you may use the 'disabled_algorithms' SSHClient/Transport init kwarg to disable that or other algorithms if your server does not support them!
INF [20220523-08:09:30.170] thr=6   paramiko.transport: Authentication (publickey) successful!
DEB [20220523-08:09:30.170] thr=2   paramiko.transport: [chan 0] Max packet in: 32768 bytes
DEB [20220523-08:09:30.172] thr=6   paramiko.transport: [chan 0] Max packet out: 262144 bytes
DEB [20220523-08:09:30.172] thr=6   paramiko.transport: Secsh channel 0 opened.
DEB [20220523-08:09:30.173] thr=6   paramiko.transport: [chan 0] Sesch channel 0 request ok
DEB [20220523-08:09:30.182] thr=6   paramiko.transport: [chan 0] EOF sent (0)
DEB [20220523-08:09:30.238] thr=7   paramiko.transport: starting thread (client mode): 0x469af40
DEB [20220523-08:09:30.238] thr=7   paramiko.transport: Local version/idstring: SSH-2.0-paramiko_2.10.4
DEB [20220523-08:09:30.240] thr=7   paramiko.transport: Remote version/idstring: SSH-2.0-ROSSSH
INF [20220523-08:09:30.240] thr=7   paramiko.transport: Connected (version 2.0, client ROSSSH)
DEB [20220523-08:09:30.241] thr=7   paramiko.transport: === Key exchange possibilities ===
DEB [20220523-08:09:30.241] thr=7   paramiko.transport: kex algos: diffie-hellman-group-exchange-sha256
DEB [20220523-08:09:30.241] thr=7   paramiko.transport: server key: ssh-rsa, rsa-sha2-256
DEB [20220523-08:09:30.241] thr=7   paramiko.transport: client encrypt: aes256-ctr, aes192-ctr
DEB [20220523-08:09:30.241] thr=7   paramiko.transport: server encrypt: aes256-ctr, aes192-ctr
DEB [20220523-08:09:30.242] thr=7   paramiko.transport: client mac: hmac-sha2-256, hmac-sha1
DEB [20220523-08:09:30.242] thr=7   paramiko.transport: server mac: hmac-sha2-256, hmac-sha1
DEB [20220523-08:09:30.242] thr=7   paramiko.transport: client compress: none
DEB [20220523-08:09:30.242] thr=7   paramiko.transport: server compress: none
DEB [20220523-08:09:30.242] thr=7   paramiko.transport: client lang: <none>
DEB [20220523-08:09:30.242] thr=7   paramiko.transport: server lang: <none>
DEB [20220523-08:09:30.242] thr=7   paramiko.transport: kex follows: False
DEB [20220523-08:09:30.242] thr=7   paramiko.transport: === Key exchange agreements ===
DEB [20220523-08:09:30.242] thr=7   paramiko.transport: Kex: diffie-hellman-group-exchange-sha256
DEB [20220523-08:09:30.242] thr=7   paramiko.transport: HostKey: rsa-sha2-256
DEB [20220523-08:09:30.242] thr=7   paramiko.transport: Cipher: aes192-ctr
DEB [20220523-08:09:30.242] thr=7   paramiko.transport: MAC: hmac-sha2-256
DEB [20220523-08:09:30.242] thr=7   paramiko.transport: Compression: none
DEB [20220523-08:09:30.242] thr=7   paramiko.transport: === End of kex handshake ===
DEB [20220523-08:09:30.243] thr=7   paramiko.transport: Got server p (2048 bits)
DEB [20220523-08:09:32.223] thr=7   paramiko.transport: kex engine KexGexSHA256 specified hash_algo <built-in function openssl_sha256>
DEB [20220523-08:09:32.223] thr=7   paramiko.transport: Switch to new keys ...
DEB [20220523-08:09:32.224] thr=2   paramiko.transport: Adding ssh-rsa host key for 192.168.88.1: b'37e60b0668473205aa35604a9cc5fc5c'
DEB [20220523-08:09:32.224] thr=2   paramiko.transport: Trying SSH key b'5fc4f1ffd8b9f1499ede3072a7bb90fb'
DEB [20220523-08:09:32.228] thr=7   paramiko.transport: userauth is OK
DEB [20220523-08:09:32.228] thr=7   paramiko.transport: Finalizing pubkey algorithm for key of type 'ssh-rsa'
DEB [20220523-08:09:32.228] thr=7   paramiko.transport: Our pubkey algorithm list: ['ssh-rsa']
DEB [20220523-08:09:32.228] thr=7   paramiko.transport: Server did not send a server-sig-algs list; defaulting to our first preferred algo ('ssh-rsa')
DEB [20220523-08:09:32.228] thr=7   paramiko.transport: NOTE: you may use the 'disabled_algorithms' SSHClient/Transport init kwarg to disable that or other algorithms if your server does not support them!
INF [20220523-08:09:32.260] thr=7   paramiko.transport: Authentication (publickey) successful!
DEB [20220523-08:09:32.260] thr=2   paramiko.transport: [chan 0] Max packet in: 32768 bytes
DEB [20220523-08:09:32.261] thr=7   paramiko.transport: [chan 0] Max packet out: 262144 bytes
DEB [20220523-08:09:32.261] thr=7   paramiko.transport: Secsh channel 0 opened.
DEB [20220523-08:09:32.262] thr=7   paramiko.transport: [chan 0] Sesch channel 0 request ok
DEB [20220523-08:09:32.274] thr=7   paramiko.transport: [chan 0] EOF sent (0)
DEB [20220523-08:09:32.319] thr=8   paramiko.transport: starting thread (client mode): 0x46a04c0
DEB [20220523-08:09:32.319] thr=8   paramiko.transport: Local version/idstring: SSH-2.0-paramiko_2.10.4
DEB [20220523-08:09:32.322] thr=8   paramiko.transport: Remote version/idstring: SSH-2.0-ROSSSH
INF [20220523-08:09:32.322] thr=8   paramiko.transport: Connected (version 2.0, client ROSSSH)
DEB [20220523-08:09:32.325] thr=8   paramiko.transport: === Key exchange possibilities ===
DEB [20220523-08:09:32.325] thr=8   paramiko.transport: kex algos: diffie-hellman-group-exchange-sha256
DEB [20220523-08:09:32.325] thr=8   paramiko.transport: server key: ssh-rsa, rsa-sha2-256
DEB [20220523-08:09:32.326] thr=8   paramiko.transport: client encrypt: aes256-ctr, aes192-ctr
DEB [20220523-08:09:32.326] thr=8   paramiko.transport: server encrypt: aes256-ctr, aes192-ctr
DEB [20220523-08:09:32.326] thr=8   paramiko.transport: client mac: hmac-sha2-256, hmac-sha1
DEB [20220523-08:09:32.326] thr=8   paramiko.transport: server mac: hmac-sha2-256, hmac-sha1
DEB [20220523-08:09:32.326] thr=8   paramiko.transport: client compress: none
DEB [20220523-08:09:32.326] thr=8   paramiko.transport: server compress: none
DEB [20220523-08:09:32.326] thr=8   paramiko.transport: client lang: <none>
DEB [20220523-08:09:32.326] thr=8   paramiko.transport: server lang: <none>
DEB [20220523-08:09:32.326] thr=8   paramiko.transport: kex follows: False
DEB [20220523-08:09:32.326] thr=8   paramiko.transport: === Key exchange agreements ===
DEB [20220523-08:09:32.326] thr=8   paramiko.transport: Kex: diffie-hellman-group-exchange-sha256
DEB [20220523-08:09:32.326] thr=8   paramiko.transport: HostKey: rsa-sha2-256
DEB [20220523-08:09:32.326] thr=8   paramiko.transport: Cipher: aes192-ctr
DEB [20220523-08:09:32.326] thr=8   paramiko.transport: MAC: hmac-sha2-256
DEB [20220523-08:09:32.326] thr=8   paramiko.transport: Compression: none
DEB [20220523-08:09:32.326] thr=8   paramiko.transport: === End of kex handshake ===
DEB [20220523-08:09:32.328] thr=8   paramiko.transport: Got server p (2048 bits)
DEB [20220523-08:09:34.694] thr=8   paramiko.transport: kex engine KexGexSHA256 specified hash_algo <built-in function openssl_sha256>
DEB [20220523-08:09:34.694] thr=8   paramiko.transport: Switch to new keys ...
DEB [20220523-08:09:34.695] thr=2   paramiko.transport: Adding ssh-rsa host key for 192.168.88.1: b'37e60b0668473205aa35604a9cc5fc5c'
DEB [20220523-08:09:34.695] thr=2   paramiko.transport: Trying SSH key b'5fc4f1ffd8b9f1499ede3072a7bb90fb'
DEB [20220523-08:09:34.699] thr=8   paramiko.transport: userauth is OK
DEB [20220523-08:09:34.699] thr=8   paramiko.transport: Finalizing pubkey algorithm for key of type 'ssh-rsa'
DEB [20220523-08:09:34.699] thr=8   paramiko.transport: Our pubkey algorithm list: ['ssh-rsa']
DEB [20220523-08:09:34.699] thr=8   paramiko.transport: Server did not send a server-sig-algs list; defaulting to our first preferred algo ('ssh-rsa')
DEB [20220523-08:09:34.699] thr=8   paramiko.transport: NOTE: you may use the 'disabled_algorithms' SSHClient/Transport init kwarg to disable that or other algorithms if your server does not support them!
INF [20220523-08:09:34.731] thr=8   paramiko.transport: Authentication (publickey) successful!
DEB [20220523-08:09:34.731] thr=2   paramiko.transport: [chan 0] Max packet in: 32768 bytes
DEB [20220523-08:09:34.732] thr=8   paramiko.transport: [chan 0] Max packet out: 262144 bytes
DEB [20220523-08:09:34.732] thr=8   paramiko.transport: Secsh channel 0 opened.
DEB [20220523-08:09:34.733] thr=8   paramiko.transport: [chan 0] Sesch channel 0 request ok
DEB [20220523-08:09:34.740] thr=8   paramiko.transport: [chan 0] EOF sent (0)
DEB [20220523-08:09:34.785] thr=9   paramiko.transport: starting thread (client mode): 0x46a0e20
DEB [20220523-08:09:34.785] thr=9   paramiko.transport: Local version/idstring: SSH-2.0-paramiko_2.10.4
DEB [20220523-08:09:34.787] thr=9   paramiko.transport: Remote version/idstring: SSH-2.0-ROSSSH
INF [20220523-08:09:34.787] thr=9   paramiko.transport: Connected (version 2.0, client ROSSSH)
DEB [20220523-08:09:34.788] thr=9   paramiko.transport: === Key exchange possibilities ===
DEB [20220523-08:09:34.788] thr=9   paramiko.transport: kex algos: diffie-hellman-group-exchange-sha256
DEB [20220523-08:09:34.788] thr=9   paramiko.transport: server key: ssh-rsa, rsa-sha2-256
DEB [20220523-08:09:34.788] thr=9   paramiko.transport: client encrypt: aes256-ctr, aes192-ctr
DEB [20220523-08:09:34.788] thr=9   paramiko.transport: server encrypt: aes256-ctr, aes192-ctr
DEB [20220523-08:09:34.788] thr=9   paramiko.transport: client mac: hmac-sha2-256, hmac-sha1
DEB [20220523-08:09:34.788] thr=9   paramiko.transport: server mac: hmac-sha2-256, hmac-sha1
DEB [20220523-08:09:34.788] thr=9   paramiko.transport: client compress: none
DEB [20220523-08:09:34.788] thr=9   paramiko.transport: server compress: none
DEB [20220523-08:09:34.788] thr=9   paramiko.transport: client lang: <none>
DEB [20220523-08:09:34.788] thr=9   paramiko.transport: server lang: <none>
DEB [20220523-08:09:34.788] thr=9   paramiko.transport: kex follows: False
DEB [20220523-08:09:34.788] thr=9   paramiko.transport: === Key exchange agreements ===
DEB [20220523-08:09:34.788] thr=9   paramiko.transport: Kex: diffie-hellman-group-exchange-sha256
DEB [20220523-08:09:34.788] thr=9   paramiko.transport: HostKey: rsa-sha2-256
DEB [20220523-08:09:34.788] thr=9   paramiko.transport: Cipher: aes192-ctr
DEB [20220523-08:09:34.789] thr=9   paramiko.transport: MAC: hmac-sha2-256
DEB [20220523-08:09:34.789] thr=9   paramiko.transport: Compression: none
DEB [20220523-08:09:34.789] thr=9   paramiko.transport: === End of kex handshake ===
DEB [20220523-08:09:34.790] thr=9   paramiko.transport: Got server p (2048 bits)
DEB [20220523-08:09:36.716] thr=9   paramiko.transport: kex engine KexGexSHA256 specified hash_algo <built-in function openssl_sha256>
DEB [20220523-08:09:36.716] thr=9   paramiko.transport: Switch to new keys ...
DEB [20220523-08:09:36.717] thr=2   paramiko.transport: Adding ssh-rsa host key for 192.168.88.1: b'37e60b0668473205aa35604a9cc5fc5c'
DEB [20220523-08:09:36.717] thr=2   paramiko.transport: Trying SSH key b'5fc4f1ffd8b9f1499ede3072a7bb90fb'
DEB [20220523-08:09:36.721] thr=9   paramiko.transport: userauth is OK
DEB [20220523-08:09:36.721] thr=9   paramiko.transport: Finalizing pubkey algorithm for key of type 'ssh-rsa'
DEB [20220523-08:09:36.721] thr=9   paramiko.transport: Our pubkey algorithm list: ['ssh-rsa']
DEB [20220523-08:09:36.721] thr=9   paramiko.transport: Server did not send a server-sig-algs list; defaulting to our first preferred algo ('ssh-rsa')
DEB [20220523-08:09:36.721] thr=9   paramiko.transport: NOTE: you may use the 'disabled_algorithms' SSHClient/Transport init kwarg to disable that or other algorithms if your server does not support them!
INF [20220523-08:09:36.754] thr=9   paramiko.transport: Authentication (publickey) successful!
DEB [20220523-08:09:36.755] thr=2   paramiko.transport: [chan 0] Max packet in: 32768 bytes
DEB [20220523-08:09:36.756] thr=9   paramiko.transport: [chan 0] Max packet out: 262144 bytes
DEB [20220523-08:09:36.756] thr=9   paramiko.transport: Secsh channel 0 opened.
DEB [20220523-08:09:36.757] thr=9   paramiko.transport: [chan 0] Sesch channel 0 request ok
DEB [20220523-08:09:36.797] thr=9   paramiko.transport: [chan 0] EOF sent (0)
DEB [20220523-08:09:36.843] thr=10  paramiko.transport: starting thread (client mode): 0x46ab6a0
DEB [20220523-08:09:36.843] thr=10  paramiko.transport: Local version/idstring: SSH-2.0-paramiko_2.10.4
DEB [20220523-08:09:36.845] thr=10  paramiko.transport: Remote version/idstring: SSH-2.0-ROSSSH
INF [20220523-08:09:36.845] thr=10  paramiko.transport: Connected (version 2.0, client ROSSSH)
DEB [20220523-08:09:36.848] thr=10  paramiko.transport: === Key exchange possibilities ===
DEB [20220523-08:09:36.848] thr=10  paramiko.transport: kex algos: diffie-hellman-group-exchange-sha256
DEB [20220523-08:09:36.848] thr=10  paramiko.transport: server key: ssh-rsa, rsa-sha2-256
DEB [20220523-08:09:36.848] thr=10  paramiko.transport: client encrypt: aes256-ctr, aes192-ctr
DEB [20220523-08:09:36.848] thr=10  paramiko.transport: server encrypt: aes256-ctr, aes192-ctr
DEB [20220523-08:09:36.848] thr=10  paramiko.transport: client mac: hmac-sha2-256, hmac-sha1
DEB [20220523-08:09:36.848] thr=10  paramiko.transport: server mac: hmac-sha2-256, hmac-sha1
DEB [20220523-08:09:36.848] thr=10  paramiko.transport: client compress: none
DEB [20220523-08:09:36.848] thr=10  paramiko.transport: server compress: none
DEB [20220523-08:09:36.848] thr=10  paramiko.transport: client lang: <none>
DEB [20220523-08:09:36.848] thr=10  paramiko.transport: server lang: <none>
DEB [20220523-08:09:36.848] thr=10  paramiko.transport: kex follows: False
DEB [20220523-08:09:36.848] thr=10  paramiko.transport: === Key exchange agreements ===
DEB [20220523-08:09:36.848] thr=10  paramiko.transport: Kex: diffie-hellman-group-exchange-sha256
DEB [20220523-08:09:36.848] thr=10  paramiko.transport: HostKey: rsa-sha2-256
DEB [20220523-08:09:36.849] thr=10  paramiko.transport: Cipher: aes192-ctr
DEB [20220523-08:09:36.849] thr=10  paramiko.transport: MAC: hmac-sha2-256
DEB [20220523-08:09:36.849] thr=10  paramiko.transport: Compression: none
DEB [20220523-08:09:36.849] thr=10  paramiko.transport: === End of kex handshake ===
DEB [20220523-08:09:36.850] thr=10  paramiko.transport: Got server p (2048 bits)
DEB [20220523-08:09:38.687] thr=10  paramiko.transport: kex engine KexGexSHA256 specified hash_algo <built-in function openssl_sha256>
DEB [20220523-08:09:38.688] thr=10  paramiko.transport: Switch to new keys ...
DEB [20220523-08:09:38.688] thr=2   paramiko.transport: Adding ssh-rsa host key for 192.168.88.1: b'37e60b0668473205aa35604a9cc5fc5c'
DEB [20220523-08:09:38.688] thr=2   paramiko.transport: Trying SSH key b'56ca0794e4c87fd7719cd2f7eda53448'
DEB [20220523-08:09:38.737] thr=10  paramiko.transport: userauth is OK
DEB [20220523-08:09:38.737] thr=10  paramiko.transport: Finalizing pubkey algorithm for key of type 'ssh-rsa'
DEB [20220523-08:09:38.737] thr=10  paramiko.transport: Our pubkey algorithm list: ['ssh-rsa']
DEB [20220523-08:09:38.737] thr=10  paramiko.transport: Server did not send a server-sig-algs list; defaulting to our first preferred algo ('ssh-rsa')
DEB [20220523-08:09:38.737] thr=10  paramiko.transport: NOTE: you may use the 'disabled_algorithms' SSHClient/Transport init kwarg to disable that or other algorithms if your server does not support them!
INF [20220523-08:09:38.769] thr=10  paramiko.transport: Authentication (publickey) successful!
DEB [20220523-08:09:38.769] thr=2   paramiko.transport: [chan 0] Max packet in: 32768 bytes
DEB [20220523-08:09:38.770] thr=10  paramiko.transport: [chan 0] Max packet out: 262144 bytes
DEB [20220523-08:09:38.770] thr=10  paramiko.transport: Secsh channel 0 opened.
DEB [20220523-08:09:38.772] thr=10  paramiko.transport: [chan 0] Sesch channel 0 request ok
DEB [20220523-08:09:38.779] thr=10  paramiko.transport: [chan 0] EOF sent (0)
